Arguments: 
  C:\Program Files\nodejs\node.exe C:\Program Files (x86)\Yarn\bin\yarn.js

PATH: 
  C:\ProgramData\Oracle\Java\javapath;C:\Program Files\Docker\Docker\Resources\bin;C:\Program Files (x86)\Intel\iCLS Client\;C:\Program Files\Intel\iCLS Client\;C:\WINDOWS\system32;C:\WINDOWS;C:\WINDOWS\System32\Wbem;C:\WINDOWS\System32\WindowsPowerShell\v1.0\;C:\Program Files\TortoiseSVN\bin;C:\Program Files (x86)\Intel\Intel(R) Management Engine Components\DAL;C:\Program Files\Intel\Intel(R) Management Engine Components\DAL;C:\Program Files (x86)\Intel\Intel(R) Management Engine Components\IPT;C:\Program Files\Intel\Intel(R) Management Engine Components\IPT;C:\Program Files\Intel\WiFi\bin\;C:\Program Files\Common Files\Intel\WirelessCommon\;C:\Program Files\Git\cmd;C:\Program Files\nodejs\;C:\Program Files (x86)\Yarn\bin;C:\Users\me\AppData\Local\Microsoft\WindowsApps;C:\Program Files\Intel\WiFi\bin\;C:\Program Files\Common Files\Intel\WirelessCommon\;C:\Program Files\Microsoft VS Code\bin;C:\Users\me\AppData\Roaming\npm;C:\Users\me\AppData\Local\Yarn\bin;C:\Program Files\apache-maven-3.5.2\bin;

Yarn version: 
  1.3.2

Node version: 
  8.9.3

Platform: 
  win32 x64

npm manifest: 
  {
    "name": "ld2h",
    "version": "0.5.0",
    "description": "Expand tags by rendering local or remote RDF resources, recursively.",
    "main": "src/ld2h.js",
    "devDependencies": {
      "babel-core": "^6.26.0",
      "babel-loader": "^7.1.2",
      "babel-preset-es2015": "^6.24.1",
      "babel-preset-react": "^6.24.1",
      "css-loader": "^0.28.8",
      "html-webpack-plugin": "^2.30.1",
      "mocha": "^2.3.3",
      "ncp": "^2.0.0",
      "style-loader": "^0.19.1",
      "webpack": "^3.10.0",
      "webpack-dev-server": "^2.9.7"
    },
    "dependencies": {
      "jquery": "^3.2.1",
      "rdf2h": "rdf2h/rdf2h#v2.0",
    },
    "scripts": {
      "start": "webpack-dev-server --hot --inline --content-base static",
      "build": "ncp static/ output/ && webpack -p",
      "test": "node_modules/.bin/mocha"
    },
    "repository": "https://github.com/rdf2h/ld2h.git",
    "keywords": [
      "rdf",
      "linked-data",
      "rendering"
    ],
    "author": "Reto Gmür",
    "license": "Apache-2.0",
    "homepage": "http://rdf2h.github.io/ld2h/"
  }

yarn manifest: 
  No manifest

Lockfile: 
  No lockfile

Trace: 
  SyntaxError: C:\Users\me\Documents\ld2h\package.json: Unexpected token } in JSON at position 600
      at JSON.parse (<anonymous>)
      at C:\Program Files (x86)\Yarn\lib\cli.js:770:59
      at Generator.next (<anonymous>)
      at step (C:\Program Files (x86)\Yarn\lib\cli.js:92:30)
      at C:\Program Files (x86)\Yarn\lib\cli.js:103:13
      at <anonymous>
